<?xml version="1.0" encoding="UTF-8"?>
<!-- Generated by org.testng.reporters.JUnitReportReporter -->
<testsuite hostname="LTIN202390" failures="0" tests="3" name="testCases.TS001_SearchCourse" time="62.210" errors="0" timestamp="2024-03-01T12:38:15 IST" skipped="0">
  <testcase classname="testCases.TS001_SearchCourse" name="SearchCourse" time="54.579"/>
  <system-out/>
  <testcase classname="testCases.TS001_SearchCourse" name="addFilters" time="1.037"/>
  <system-out/>
  <testcase classname="testCases.TS001_SearchCourse" name="clickTopTwoCourses" time="6.594"/>
  <system-out/>
</testsuite> <!-- testCases.TS001_SearchCourse -->
