<?xml version="1.0" encoding="UTF-8"?>
<!-- Generated by org.testng.reporters.JUnitReportReporter -->
<testsuite hostname="LTIN202390" failures="0" tests="3" name="testCases.TS004_FormRegistrationValid" time="108.429" errors="0" timestamp="2024-03-01T12:38:15 IST" skipped="0">
  <testcase classname="testCases.TS004_FormRegistrationValid" name="clickEnterprise" time="25.557"/>
  <system-out/>
  <testcase classname="testCases.TS004_FormRegistrationValid" name="navigateToFormPage" time="26.414"/>
  <system-out/>
  <testcase classname="testCases.TS004_FormRegistrationValid" name="fillForm" time="56.458"/>
  <system-out/>
</testsuite> <!-- testCases.TS004_FormRegistrationValid -->
