<?xml version="1.0" encoding="UTF-8"?>
<!-- Generated by org.testng.reporters.JUnitReportReporter -->
<testsuite hostname="LTIN202390" failures="0" tests="6" name="testCases.TS002_CourseDetails" time="13.003" errors="0" timestamp="2024-03-01T12:38:15 IST" skipped="0">
  <testcase classname="testCases.TS002_CourseDetails" name="gotoFirstCourse" time="0.564"/>
  <system-out/>
  <testcase classname="testCases.TS002_CourseDetails" name="captureFirstCourseDetails" time="6.990"/>
  <system-out/>
  <testcase classname="testCases.TS002_CourseDetails" name="displayfirstCourse" time="0.002"/>
  <system-out/>
  <testcase classname="testCases.TS002_CourseDetails" name="gotoSecondCourse" time="0.032"/>
  <system-out/>
  <testcase classname="testCases.TS002_CourseDetails" name="captureSecondCourseDetails" time="5.413"/>
  <system-out/>
  <testcase classname="testCases.TS002_CourseDetails" name="displaySecondCourse" time="0.002"/>
  <system-out/>
</testsuite> <!-- testCases.TS002_CourseDetails -->
