<?xml version="1.0" encoding="UTF-8"?>
<!-- Generated by org.testng.reporters.JUnitReportReporter -->
<testsuite hostname="LTIN202390" failures="0" tests="3" name="testCases.TS005_FormRegistrationInvalid" time="76.103" errors="0" timestamp="2024-03-01T12:38:15 IST" skipped="0">
  <testcase classname="testCases.TS005_FormRegistrationInvalid" name="clickEnterprise" time="24.920"/>
  <system-out/>
  <testcase classname="testCases.TS005_FormRegistrationInvalid" name="navigateToFormPage" time="26.107"/>
  <system-out/>
  <testcase classname="testCases.TS005_FormRegistrationInvalid" name="fillForm" time="25.076"/>
  <system-out/>
</testsuite> <!-- testCases.TS005_FormRegistrationInvalid -->
